<?xml version="1.0" encoding="UTF-8"?>
<testng-results ignored="0" total="1" passed="1" failed="0" skipped="0">
  <reporter-output>
  </reporter-output>
  <suite started-at="2021-07-11T18:49:36Z" name="Default suite" finished-at="2021-07-11T18:49:37Z" duration-ms="693">
    <groups>
    </groups>
    <test started-at="2021-07-11T18:49:36Z" name="Default test" finished-at="2021-07-11T18:49:37Z" duration-ms="693">
      <class name="testcase.LoginTest">
        <test-method is-config="true" signature="setup()[pri:0, instance:testcase.LoginTest@1ee4730]" started-at="2021-07-11T18:49:30Z" name="setup" finished-at="2021-07-11T18:49:36Z" duration-ms="6204" status="PASS">
          <reporter-output>
          </reporter-output>
        </test-method> <!-- setup -->
        <test-method signature="dologin()[pri:0, instance:testcase.LoginTest@1ee4730]" started-at="2021-07-11T18:49:36Z" name="dologin" finished-at="2021-07-11T18:49:37Z" duration-ms="660" status="PASS">
          <reporter-output>
          </reporter-output>
        </test-method> <!-- dologin -->
        <test-method is-config="true" signature="tearDown()[pri:0, instance:testcase.LoginTest@1ee4730]" started-at="2021-07-11T18:49:37Z" name="tearDown" finished-at="2021-07-11T18:49:38Z" duration-ms="761" status="PASS">
          <reporter-output>
          </reporter-output>
        </test-method> <!-- tearDown -->
      </class> <!-- testcase.LoginTest -->
    </test> <!-- Default test -->
  </suite> <!-- Default suite -->
</testng-results>
